D:\d\DIIWO\Projects\DIIWO.Backend\Libraries\DIIWO-Identity-Solution\tests\AspNet.Tests\Services\IdentityPermissionServiceTests.cs(161,33): error CS1503: Argumento 1: no se puede convertir de 'System.Guid' a 'System.ReadOnlySpan<char>' [D:\d\DIIWO\Projects\DIIWO.Backend\Libraries\DIIWO-Identity-Solution\tests\AspNet.Tests\AspNet.Tests.csproj]
D:\d\DIIWO\Projects\DIIWO.Backend\Libraries\DIIWO-Identity-Solution\tests\AspNet.Tests\Services\IdentityPermissionServiceTests.cs(205,47): error CS1061: "IdentityPermissionService" no contiene una definición para "UserExistsAsync" ni un método de extensión accesible "UserExistsAsync" que acepte un primer argumento del tipo "IdentityPermissionService" (¿falta alguna directiva using o una referencia de ensamblado?) [D:\d\DIIWO\Projects\DIIWO.Backend\Libraries\DIIWO-Identity-Solution\tests\AspNet.Tests\AspNet.Tests.csproj]
D:\d\DIIWO\Projects\DIIWO.Backend\Libraries\DIIWO-Identity-Solution\tests\AspNet.Tests\Services\IdentityPermissionServiceTests.cs(223,47): error CS1061: "IdentityPermissionService" no contiene una definición para "UserExistsAsync" ni un método de extensión accesible "UserExistsAsync" que acepte un primer argumento del tipo "IdentityPermissionService" (¿falta alguna directiva using o una referencia de ensamblado?) [D:\d\DIIWO\Projects\DIIWO.Backend\Libraries\DIIWO-Identity-Solution\tests\AspNet.Tests\AspNet.Tests.csproj]
D:\d\DIIWO\Projects\DIIWO.Backend\Libraries\DIIWO-Identity-Solution\tests\AspNet.Tests\Entities\IdentityUserSessionTests.cs(194,17): error CS1061: "IdentityUserSession" no contiene una definición para "RefreshToken" ni un método de extensión accesible "RefreshToken" que acepte un primer argumento del tipo "IdentityUserSession" (¿falta alguna directiva using o una referencia de ensamblado?) [D:\d\DIIWO\Projects\DIIWO.Backend\Libraries\DIIWO-Identity-Solution\tests\AspNet.Tests\AspNet.Tests.csproj]
D:\d\DIIWO\Projects\DIIWO.Backend\Libraries\DIIWO-Identity-Solution\tests\AspNet.Tests\Entities\IdentityUserSessionTests.cs(198,54): error CS1061: "IdentityUserSession" no contiene una definición para "RefreshToken" ni un método de extensión accesible "RefreshToken" que acepte un primer argumento del tipo "IdentityUserSession" (¿falta alguna directiva using o una referencia de ensamblado?) [D:\d\DIIWO\Projects\DIIWO.Backend\Libraries\DIIWO-Identity-Solution\tests\AspNet.Tests\AspNet.Tests.csproj]
D:\d\DIIWO\Projects\DIIWO.Backend\Libraries\DIIWO-Identity-Solution\tests\AspNet.Tests\Entities\IdentityUserTests.cs(179,31): error CS1061: "IdentityUser" no contiene una definición para "LoginHistory" ni un método de extensión accesible "LoginHistory" que acepte un primer argumento del tipo "IdentityUser" (¿falta alguna directiva using o una referencia de ensamblado?) [D:\d\DIIWO\Projects\DIIWO.Backend\Libraries\DIIWO-Identity-Solution\tests\AspNet.Tests\AspNet.Tests.csproj]
D:\d\DIIWO\Projects\DIIWO.Backend\Libraries\DIIWO-Identity-Solution\tests\AspNet.Tests\Entities\IdentityUserTests.cs(180,31): error CS1061: "IdentityUser" no contiene una definición para "UserPermissions" ni un método de extensión accesible "UserPermissions" que acepte un primer argumento del tipo "IdentityUser" (¿falta alguna directiva using o una referencia de ensamblado?) [D:\d\DIIWO\Projects\DIIWO.Backend\Libraries\DIIWO-Identity-Solution\tests\AspNet.Tests\AspNet.Tests.csproj]
D:\d\DIIWO\Projects\DIIWO.Backend\Libraries\DIIWO-Identity-Solution\tests\AspNet.Tests\Entities\IdentityUserTests.cs(181,31): error CS1061: "IdentityUser" no contiene una definición para "Groups" ni un método de extensión accesible "Groups" que acepte un primer argumento del tipo "IdentityUser" (¿falta alguna directiva using o una referencia de ensamblado?) [D:\d\DIIWO\Projects\DIIWO.Backend\Libraries\DIIWO-Identity-Solution\tests\AspNet.Tests\AspNet.Tests.csproj]
D:\d\DIIWO\Projects\DIIWO.Backend\Libraries\DIIWO-Identity-Solution\tests\AspNet.Tests\Entities\IdentityUserTests.cs(183,33): error CS1061: "IdentityUser" no contiene una definición para "LoginHistory" ni un método de extensión accesible "LoginHistory" que acepte un primer argumento del tipo "IdentityUser" (¿falta alguna directiva using o una referencia de ensamblado?) [D:\d\DIIWO\Projects\DIIWO.Backend\Libraries\DIIWO-Identity-Solution\tests\AspNet.Tests\AspNet.Tests.csproj]
D:\d\DIIWO\Projects\DIIWO.Backend\Libraries\DIIWO-Identity-Solution\tests\AspNet.Tests\Services\IdentityPermissionServiceTests.cs(251,47): error CS1061: "IdentityPermissionService" no contiene una definición para "GetPermissionAsync" ni un método de extensión accesible "GetPermissionAsync" que acepte un primer argumento del tipo "IdentityPermissionService" (¿falta alguna directiva using o una referencia de ensamblado?) [D:\d\DIIWO\Projects\DIIWO.Backend\Libraries\DIIWO-Identity-Solution\tests\AspNet.Tests\AspNet.Tests.csproj]
D:\d\DIIWO\Projects\DIIWO.Backend\Libraries\DIIWO-Identity-Solution\tests\AspNet.Tests\Entities\IdentityUserSessionTests.cs(221,13): error CS0117: 'IdentityUserSession' no contiene una definición para 'AppUserSessionId' [D:\d\DIIWO\Projects\DIIWO.Backend\Libraries\DIIWO-Identity-Solution\tests\AspNet.Tests\AspNet.Tests.csproj]
D:\d\DIIWO\Projects\DIIWO.Backend\Libraries\DIIWO-Identity-Solution\tests\AspNet.Tests\Entities\IdentityUserSessionTests.cs(225,47): error CS1061: "IdentityUserSession" no contiene una definición para "AppUserSessionId" ni un método de extensión accesible "AppUserSessionId" que acepte un primer argumento del tipo "IdentityUserSession" (¿falta alguna directiva using o una referencia de ensamblado?) [D:\d\DIIWO\Projects\DIIWO.Backend\Libraries\DIIWO-Identity-Solution\tests\AspNet.Tests\AspNet.Tests.csproj]
D:\d\DIIWO\Projects\DIIWO.Backend\Libraries\DIIWO-Identity-Solution\tests\AspNet.Tests\Entities\IdentityUserSessionTests.cs(226,34): error CS1061: "IdentityUserSession" no contiene una definición para "AppUserSessionId" ni un método de extensión accesible "AppUserSessionId" que acepte un primer argumento del tipo "IdentityUserSession" (¿falta alguna directiva using o una referencia de ensamblado?) [D:\d\DIIWO\Projects\DIIWO.Backend\Libraries\DIIWO-Identity-Solution\tests\AspNet.Tests\AspNet.Tests.csproj]
D:\d\DIIWO\Projects\DIIWO.Backend\Libraries\DIIWO-Identity-Solution\tests\AspNet.Tests\Services\IdentityPermissionServiceTests.cs(272,47): error CS1061: "IdentityPermissionService" no contiene una definición para "GetPermissionAsync" ni un método de extensión accesible "GetPermissionAsync" que acepte un primer argumento del tipo "IdentityPermissionService" (¿falta alguna directiva using o una referencia de ensamblado?) [D:\d\DIIWO\Projects\DIIWO.Backend\Libraries\DIIWO-Identity-Solution\tests\AspNet.Tests\AspNet.Tests.csproj]
D:\d\DIIWO\Projects\DIIWO.Backend\Libraries\DIIWO-Identity-Solution\tests\AspNet.Tests\Entities\IdentityUserSessionTests.cs(276,18): error CS0029: No se puede convertir implícitamente el tipo 'string' en 'System.Guid' [D:\d\DIIWO\Projects\DIIWO.Backend\Libraries\DIIWO-Identity-Solution\tests\AspNet.Tests\AspNet.Tests.csproj]
D:\d\DIIWO\Projects\DIIWO.Backend\Libraries\DIIWO-Identity-Solution\tests\AspNet.Tests\Entities\IdentityPermissionTests.cs(211,37): error CS1061: "IdentityPermission" no contiene una definición para "RolePermissions" ni un método de extensión accesible "RolePermissions" que acepte un primer argumento del tipo "IdentityPermission" (¿falta alguna directiva using o una referencia de ensamblado?) [D:\d\DIIWO\Projects\DIIWO.Backend\Libraries\DIIWO-Identity-Solution\tests\AspNet.Tests\AspNet.Tests.csproj]
D:\d\DIIWO\Projects\DIIWO.Backend\Libraries\DIIWO-Identity-Solution\tests\AspNet.Tests\Entities\IdentityPermissionTests.cs(212,39): error CS1061: "IdentityPermission" no contiene una definición para "RolePermissions" ni un método de extensión accesible "RolePermissions" que acepte un primer argumento del tipo "IdentityPermission" (¿falta alguna directiva using o una referencia de ensamblado?) [D:\d\DIIWO\Projects\DIIWO.Backend\Libraries\DIIWO-Identity-Solution\tests\AspNet.Tests\AspNet.Tests.csproj]
D:\d\DIIWO\Projects\DIIWO.Backend\Libraries\DIIWO-Identity-Solution\tests\AspNet.Tests\Entities\IdentityPermissionTests.cs(215,37): error CS1061: "IdentityPermission" no contiene una definición para "GroupPermissions" ni un método de extensión accesible "GroupPermissions" que acepte un primer argumento del tipo "IdentityPermission" (¿falta alguna directiva using o una referencia de ensamblado?) [D:\d\DIIWO\Projects\DIIWO.Backend\Libraries\DIIWO-Identity-Solution\tests\AspNet.Tests\AspNet.Tests.csproj]
D:\d\DIIWO\Projects\DIIWO.Backend\Libraries\DIIWO-Identity-Solution\tests\AspNet.Tests\Entities\IdentityPermissionTests.cs(216,39): error CS1061: "IdentityPermission" no contiene una definición para "GroupPermissions" ni un método de extensión accesible "GroupPermissions" que acepte un primer argumento del tipo "IdentityPermission" (¿falta alguna directiva using o una referencia de ensamblado?) [D:\d\DIIWO\Projects\DIIWO.Backend\Libraries\DIIWO-Identity-Solution\tests\AspNet.Tests\AspNet.Tests.csproj]
D:\d\DIIWO\Projects\DIIWO.Backend\Libraries\DIIWO-Identity-Solution\tests\AspNet.Tests\Entities\IdentityPermissionTests.cs(219,37): error CS1061: "IdentityPermission" no contiene una definición para "UserPermissions" ni un método de extensión accesible "UserPermissions" que acepte un primer argumento del tipo "IdentityPermission" (¿falta alguna directiva using o una referencia de ensamblado?) [D:\d\DIIWO\Projects\DIIWO.Backend\Libraries\DIIWO-Identity-Solution\tests\AspNet.Tests\AspNet.Tests.csproj]
D:\d\DIIWO\Projects\DIIWO.Backend\Libraries\DIIWO-Identity-Solution\tests\AspNet.Tests\Entities\IdentityPermissionTests.cs(220,39): error CS1061: "IdentityPermission" no contiene una definición para "UserPermissions" ni un método de extensión accesible "UserPermissions" que acepte un primer argumento del tipo "IdentityPermission" (¿falta alguna directiva using o una referencia de ensamblado?) [D:\d\DIIWO\Projects\DIIWO.Backend\Libraries\DIIWO-Identity-Solution\tests\AspNet.Tests\AspNet.Tests.csproj]
D:\d\DIIWO\Projects\DIIWO.Backend\Libraries\DIIWO-Identity-Solution\tests\AspNet.Tests\Entities\IdentityPermissionTests.cs(223,37): error CS1061: "IdentityPermission" no contiene una definición para "ModelPermissions" ni un método de extensión accesible "ModelPermissions" que acepte un primer argumento del tipo "IdentityPermission" (¿falta alguna directiva using o una referencia de ensamblado?) [D:\d\DIIWO\Projects\DIIWO.Backend\Libraries\DIIWO-Identity-Solution\tests\AspNet.Tests\AspNet.Tests.csproj]
D:\d\DIIWO\Projects\DIIWO.Backend\Libraries\DIIWO-Identity-Solution\tests\AspNet.Tests\Entities\IdentityPermissionTests.cs(224,39): error CS1061: "IdentityPermission" no contiene una definición para "ModelPermissions" ni un método de extensión accesible "ModelPermissions" que acepte un primer argumento del tipo "IdentityPermission" (¿falta alguna directiva using o una referencia de ensamblado?) [D:\d\DIIWO\Projects\DIIWO.Backend\Libraries\DIIWO-Identity-Solution\tests\AspNet.Tests\AspNet.Tests.csproj]
D:\d\DIIWO\Projects\DIIWO.Backend\Libraries\DIIWO-Identity-Solution\tests\AspNet.Tests\Entities\IdentityPermissionTests.cs(227,37): error CS1061: "IdentityPermission" no contiene una definición para "ObjectPermissions" ni un método de extensión accesible "ObjectPermissions" que acepte un primer argumento del tipo "IdentityPermission" (¿falta alguna directiva using o una referencia de ensamblado?) [D:\d\DIIWO\Projects\DIIWO.Backend\Libraries\DIIWO-Identity-Solution\tests\AspNet.Tests\AspNet.Tests.csproj]
D:\d\DIIWO\Projects\DIIWO.Backend\Libraries\DIIWO-Identity-Solution\tests\AspNet.Tests\Entities\IdentityPermissionTests.cs(228,39): error CS1061: "IdentityPermission" no contiene una definición para "ObjectPermissions" ni un método de extensión accesible "ObjectPermissions" que acepte un primer argumento del tipo "IdentityPermission" (¿falta alguna directiva using o una referencia de ensamblado?) [D:\d\DIIWO\Projects\DIIWO.Backend\Libraries\DIIWO-Identity-Solution\tests\AspNet.Tests\AspNet.Tests.csproj]
D:\d\DIIWO\Projects\DIIWO.Backend\Libraries\DIIWO-Identity-Solution\tests\AspNet.Tests\Services\IdentityPermissionServiceTests.cs(319,51): error CS1061: "IdentityPermissionService" no contiene una definición para "UserExistsAsync" ni un método de extensión accesible "UserExistsAsync" que acepte un primer argumento del tipo "IdentityPermissionService" (¿falta alguna directiva using o una referencia de ensamblado?) [D:\d\DIIWO\Projects\DIIWO.Backend\Libraries\DIIWO-Identity-Solution\tests\AspNet.Tests\AspNet.Tests.csproj]
D:\d\DIIWO\Projects\DIIWO.Backend\Libraries\DIIWO-Identity-Solution\tests\AspNet.Tests\Services\IdentityPermissionServiceTests.cs(320,57): error CS1061: "IdentityPermissionService" no contiene una definición para "GetPermissionAsync" ni un método de extensión accesible "GetPermissionAsync" que acepte un primer argumento del tipo "IdentityPermissionService" (¿falta alguna directiva using o una referencia de ensamblado?) [D:\d\DIIWO\Projects\DIIWO.Backend\Libraries\DIIWO-Identity-Solution\tests\AspNet.Tests\AspNet.Tests.csproj]
D:\d\DIIWO\Projects\DIIWO.Backend\Libraries\DIIWO-Identity-Solution\tests\AspNet.Tests\Services\AspNetUserServiceTests.cs(225,48): error CS1061: "IdentityResult" no contiene una definición para "FullName" ni un método de extensión accesible "FullName" que acepte un primer argumento del tipo "IdentityResult" (¿falta alguna directiva using o una referencia de ensamblado?) [D:\d\DIIWO\Projects\DIIWO.Backend\Libraries\DIIWO-Identity-Solution\tests\AspNet.Tests\AspNet.Tests.csproj]
D:\d\DIIWO\Projects\DIIWO.Backend\Libraries\DIIWO-Identity-Solution\tests\AspNet.Tests\Services\AspNetUserServiceTests.cs(226,47): error CS1061: "IdentityResult" no contiene una definición para "PhoneNumber" ni un método de extensión accesible "PhoneNumber" que acepte un primer argumento del tipo "IdentityResult" (¿falta alguna directiva using o una referencia de ensamblado?) [D:\d\DIIWO\Projects\DIIWO.Backend\Libraries\DIIWO-Identity-Solution\tests\AspNet.Tests\AspNet.Tests.csproj]
D:\d\DIIWO\Projects\DIIWO.Backend\Libraries\DIIWO-Identity-Solution\tests\AspNet.Tests\Services\AspNetUserServiceTests.cs(227,48): error CS1061: "IdentityResult" no contiene una definición para "UpdatedBy" ni un método de extensión accesible "UpdatedBy" que acepte un primer argumento del tipo "IdentityResult" (¿falta alguna directiva using o una referencia de ensamblado?) [D:\d\DIIWO\Projects\DIIWO.Backend\Libraries\DIIWO-Identity-Solution\tests\AspNet.Tests\AspNet.Tests.csproj]
D:\d\DIIWO\Projects\DIIWO.Backend\Libraries\DIIWO-Identity-Solution\tests\AspNet.Tests\Integration\AspNetIdentityDbContextTests.cs(160,52): error CS1061: "IdentityPermission" no contiene una definición para "GetPermissionKey" ni un método de extensión accesible "GetPermissionKey" que acepte un primer argumento del tipo "IdentityPermission" (¿falta alguna directiva using o una referencia de ensamblado?) [D:\d\DIIWO\Projects\DIIWO.Backend\Libraries\DIIWO-Identity-Solution\tests\AspNet.Tests\AspNet.Tests.csproj]
D:\d\DIIWO\Projects\DIIWO.Backend\Libraries\DIIWO-Identity-Solution\tests\AspNet.Tests\Integration\AspNetIdentityDbContextTests.cs(161,54): error CS1061: "IdentityPermission" no contiene una definición para "GetPermissionKey" ni un método de extensión accesible "GetPermissionKey" que acepte un primer argumento del tipo "IdentityPermission" (¿falta alguna directiva using o una referencia de ensamblado?) [D:\d\DIIWO\Projects\DIIWO.Backend\Libraries\DIIWO-Identity-Solution\tests\AspNet.Tests\AspNet.Tests.csproj]
D:\d\DIIWO\Projects\DIIWO.Backend\Libraries\DIIWO-Identity-Solution\tests\AspNet.Tests\Integration\AspNetIdentityDbContextTests.cs(162,37): error CS1061: "IdentityPermission" no contiene una definición para "GetPermissionKey" ni un método de extensión accesible "GetPermissionKey" que acepte un primer argumento del tipo "IdentityPermission" (¿falta alguna directiva using o una referencia de ensamblado?) [D:\d\DIIWO\Projects\DIIWO.Backend\Libraries\DIIWO-Identity-Solution\tests\AspNet.Tests\AspNet.Tests.csproj]
D:\d\DIIWO\Projects\DIIWO.Backend\Libraries\DIIWO-Identity-Solution\tests\AspNet.Tests\Integration\AspNetIdentityDbContextTests.cs(162,67): error CS1061: "IdentityPermission" no contiene una definición para "GetPermissionKey" ni un método de extensión accesible "GetPermissionKey" que acepte un primer argumento del tipo "IdentityPermission" (¿falta alguna directiva using o una referencia de ensamblado?) [D:\d\DIIWO\Projects\DIIWO.Backend\Libraries\DIIWO-Identity-Solution\tests\AspNet.Tests\AspNet.Tests.csproj]
D:\d\DIIWO\Projects\DIIWO.Backend\Libraries\DIIWO-Identity-Solution\tests\AspNet.Tests\Services\IdentityPermissionServiceTests.cs(374,48): error CS1061: "IdentityPermissionService" no contiene una definición para "HasMultiplePermissionsAsync" ni un método de extensión accesible "HasMultiplePermissionsAsync" que acepte un primer argumento del tipo "IdentityPermissionService" (¿falta alguna directiva using o una referencia de ensamblado?) [D:\d\DIIWO\Projects\DIIWO.Backend\Libraries\DIIWO-Identity-Solution\tests\AspNet.Tests\AspNet.Tests.csproj]
D:\d\DIIWO\Projects\DIIWO.Backend\Libraries\DIIWO-Identity-Solution\tests\AspNet.Tests\Services\AspNetPermissionServiceTests.cs(328,47): error CS1501: Ninguna sobrecarga para el método 'CreatePermissionAsync' toma 5 argumentos [D:\d\DIIWO\Projects\DIIWO.Backend\Libraries\DIIWO-Identity-Solution\tests\AspNet.Tests\AspNet.Tests.csproj]
D:\d\DIIWO\Projects\DIIWO.Backend\Libraries\DIIWO-Identity-Solution\tests\AspNet.Tests\Integration\AspNetIdentityDbContextTests.cs(210,48): error CS1503: Argumento 1: no se puede convertir de 'System.Guid' a 'System.ReadOnlySpan<char>' [D:\d\DIIWO\Projects\DIIWO.Backend\Libraries\DIIWO-Identity-Solution\tests\AspNet.Tests\AspNet.Tests.csproj]
D:\d\DIIWO\Projects\DIIWO.Backend\Libraries\DIIWO-Identity-Solution\tests\AspNet.Tests\Services\IdentityPermissionServiceTests.cs(161,33): error CS1503: Argumento 1: no se puede convertir de 'System.Guid' a 'System.ReadOnlySpan<char>' [D:\d\DIIWO\Projects\DIIWO.Backend\Libraries\DIIWO-Identity-Solution\tests\AspNet.Tests\AspNet.Tests.csproj]
D:\d\DIIWO\Projects\DIIWO.Backend\Libraries\DIIWO-Identity-Solution\tests\AspNet.Tests\Services\IdentityPermissionServiceTests.cs(205,47): error CS1061: "IdentityPermissionService" no contiene una definición para "UserExistsAsync" ni un método de extensión accesible "UserExistsAsync" que acepte un primer argumento del tipo "IdentityPermissionService" (¿falta alguna directiva using o una referencia de ensamblado?) [D:\d\DIIWO\Projects\DIIWO.Backend\Libraries\DIIWO-Identity-Solution\tests\AspNet.Tests\AspNet.Tests.csproj]
D:\d\DIIWO\Projects\DIIWO.Backend\Libraries\DIIWO-Identity-Solution\tests\AspNet.Tests\Services\IdentityPermissionServiceTests.cs(223,47): error CS1061: "IdentityPermissionService" no contiene una definición para "UserExistsAsync" ni un método de extensión accesible "UserExistsAsync" que acepte un primer argumento del tipo "IdentityPermissionService" (¿falta alguna directiva using o una referencia de ensamblado?) [D:\d\DIIWO\Projects\DIIWO.Backend\Libraries\DIIWO-Identity-Solution\tests\AspNet.Tests\AspNet.Tests.csproj]
D:\d\DIIWO\Projects\DIIWO.Backend\Libraries\DIIWO-Identity-Solution\tests\AspNet.Tests\Entities\IdentityUserSessionTests.cs(194,17): error CS1061: "IdentityUserSession" no contiene una definición para "RefreshToken" ni un método de extensión accesible "RefreshToken" que acepte un primer argumento del tipo "IdentityUserSession" (¿falta alguna directiva using o una referencia de ensamblado?) [D:\d\DIIWO\Projects\DIIWO.Backend\Libraries\DIIWO-Identity-Solution\tests\AspNet.Tests\AspNet.Tests.csproj]
D:\d\DIIWO\Projects\DIIWO.Backend\Libraries\DIIWO-Identity-Solution\tests\AspNet.Tests\Entities\IdentityUserSessionTests.cs(198,54): error CS1061: "IdentityUserSession" no contiene una definición para "RefreshToken" ni un método de extensión accesible "RefreshToken" que acepte un primer argumento del tipo "IdentityUserSession" (¿falta alguna directiva using o una referencia de ensamblado?) [D:\d\DIIWO\Projects\DIIWO.Backend\Libraries\DIIWO-Identity-Solution\tests\AspNet.Tests\AspNet.Tests.csproj]
D:\d\DIIWO\Projects\DIIWO.Backend\Libraries\DIIWO-Identity-Solution\tests\AspNet.Tests\Entities\IdentityUserTests.cs(179,31): error CS1061: "IdentityUser" no contiene una definición para "LoginHistory" ni un método de extensión accesible "LoginHistory" que acepte un primer argumento del tipo "IdentityUser" (¿falta alguna directiva using o una referencia de ensamblado?) [D:\d\DIIWO\Projects\DIIWO.Backend\Libraries\DIIWO-Identity-Solution\tests\AspNet.Tests\AspNet.Tests.csproj]
D:\d\DIIWO\Projects\DIIWO.Backend\Libraries\DIIWO-Identity-Solution\tests\AspNet.Tests\Entities\IdentityUserTests.cs(180,31): error CS1061: "IdentityUser" no contiene una definición para "UserPermissions" ni un método de extensión accesible "UserPermissions" que acepte un primer argumento del tipo "IdentityUser" (¿falta alguna directiva using o una referencia de ensamblado?) [D:\d\DIIWO\Projects\DIIWO.Backend\Libraries\DIIWO-Identity-Solution\tests\AspNet.Tests\AspNet.Tests.csproj]
D:\d\DIIWO\Projects\DIIWO.Backend\Libraries\DIIWO-Identity-Solution\tests\AspNet.Tests\Entities\IdentityUserTests.cs(181,31): error CS1061: "IdentityUser" no contiene una definición para "Groups" ni un método de extensión accesible "Groups" que acepte un primer argumento del tipo "IdentityUser" (¿falta alguna directiva using o una referencia de ensamblado?) [D:\d\DIIWO\Projects\DIIWO.Backend\Libraries\DIIWO-Identity-Solution\tests\AspNet.Tests\AspNet.Tests.csproj]
D:\d\DIIWO\Projects\DIIWO.Backend\Libraries\DIIWO-Identity-Solution\tests\AspNet.Tests\Entities\IdentityUserTests.cs(183,33): error CS1061: "IdentityUser" no contiene una definición para "LoginHistory" ni un método de extensión accesible "LoginHistory" que acepte un primer argumento del tipo "IdentityUser" (¿falta alguna directiva using o una referencia de ensamblado?) [D:\d\DIIWO\Projects\DIIWO.Backend\Libraries\DIIWO-Identity-Solution\tests\AspNet.Tests\AspNet.Tests.csproj]
D:\d\DIIWO\Projects\DIIWO.Backend\Libraries\DIIWO-Identity-Solution\tests\AspNet.Tests\Services\IdentityPermissionServiceTests.cs(251,47): error CS1061: "IdentityPermissionService" no contiene una definición para "GetPermissionAsync" ni un método de extensión accesible "GetPermissionAsync" que acepte un primer argumento del tipo "IdentityPermissionService" (¿falta alguna directiva using o una referencia de ensamblado?) [D:\d\DIIWO\Projects\DIIWO.Backend\Libraries\DIIWO-Identity-Solution\tests\AspNet.Tests\AspNet.Tests.csproj]
D:\d\DIIWO\Projects\DIIWO.Backend\Libraries\DIIWO-Identity-Solution\tests\AspNet.Tests\Entities\IdentityUserSessionTests.cs(221,13): error CS0117: 'IdentityUserSession' no contiene una definición para 'AppUserSessionId' [D:\d\DIIWO\Projects\DIIWO.Backend\Libraries\DIIWO-Identity-Solution\tests\AspNet.Tests\AspNet.Tests.csproj]
D:\d\DIIWO\Projects\DIIWO.Backend\Libraries\DIIWO-Identity-Solution\tests\AspNet.Tests\Entities\IdentityUserSessionTests.cs(225,47): error CS1061: "IdentityUserSession" no contiene una definición para "AppUserSessionId" ni un método de extensión accesible "AppUserSessionId" que acepte un primer argumento del tipo "IdentityUserSession" (¿falta alguna directiva using o una referencia de ensamblado?) [D:\d\DIIWO\Projects\DIIWO.Backend\Libraries\DIIWO-Identity-Solution\tests\AspNet.Tests\AspNet.Tests.csproj]
D:\d\DIIWO\Projects\DIIWO.Backend\Libraries\DIIWO-Identity-Solution\tests\AspNet.Tests\Entities\IdentityUserSessionTests.cs(226,34): error CS1061: "IdentityUserSession" no contiene una definición para "AppUserSessionId" ni un método de extensión accesible "AppUserSessionId" que acepte un primer argumento del tipo "IdentityUserSession" (¿falta alguna directiva using o una referencia de ensamblado?) [D:\d\DIIWO\Projects\DIIWO.Backend\Libraries\DIIWO-Identity-Solution\tests\AspNet.Tests\AspNet.Tests.csproj]
D:\d\DIIWO\Projects\DIIWO.Backend\Libraries\DIIWO-Identity-Solution\tests\AspNet.Tests\Services\IdentityPermissionServiceTests.cs(272,47): error CS1061: "IdentityPermissionService" no contiene una definición para "GetPermissionAsync" ni un método de extensión accesible "GetPermissionAsync" que acepte un primer argumento del tipo "IdentityPermissionService" (¿falta alguna directiva using o una referencia de ensamblado?) [D:\d\DIIWO\Projects\DIIWO.Backend\Libraries\DIIWO-Identity-Solution\tests\AspNet.Tests\AspNet.Tests.csproj]
D:\d\DIIWO\Projects\DIIWO.Backend\Libraries\DIIWO-Identity-Solution\tests\AspNet.Tests\Entities\IdentityUserSessionTests.cs(276,18): error CS0029: No se puede convertir implícitamente el tipo 'string' en 'System.Guid' [D:\d\DIIWO\Projects\DIIWO.Backend\Libraries\DIIWO-Identity-Solution\tests\AspNet.Tests\AspNet.Tests.csproj]
D:\d\DIIWO\Projects\DIIWO.Backend\Libraries\DIIWO-Identity-Solution\tests\AspNet.Tests\Entities\IdentityPermissionTests.cs(211,37): error CS1061: "IdentityPermission" no contiene una definición para "RolePermissions" ni un método de extensión accesible "RolePermissions" que acepte un primer argumento del tipo "IdentityPermission" (¿falta alguna directiva using o una referencia de ensamblado?) [D:\d\DIIWO\Projects\DIIWO.Backend\Libraries\DIIWO-Identity-Solution\tests\AspNet.Tests\AspNet.Tests.csproj]
D:\d\DIIWO\Projects\DIIWO.Backend\Libraries\DIIWO-Identity-Solution\tests\AspNet.Tests\Entities\IdentityPermissionTests.cs(212,39): error CS1061: "IdentityPermission" no contiene una definición para "RolePermissions" ni un método de extensión accesible "RolePermissions" que acepte un primer argumento del tipo "IdentityPermission" (¿falta alguna directiva using o una referencia de ensamblado?) [D:\d\DIIWO\Projects\DIIWO.Backend\Libraries\DIIWO-Identity-Solution\tests\AspNet.Tests\AspNet.Tests.csproj]
D:\d\DIIWO\Projects\DIIWO.Backend\Libraries\DIIWO-Identity-Solution\tests\AspNet.Tests\Entities\IdentityPermissionTests.cs(215,37): error CS1061: "IdentityPermission" no contiene una definición para "GroupPermissions" ni un método de extensión accesible "GroupPermissions" que acepte un primer argumento del tipo "IdentityPermission" (¿falta alguna directiva using o una referencia de ensamblado?) [D:\d\DIIWO\Projects\DIIWO.Backend\Libraries\DIIWO-Identity-Solution\tests\AspNet.Tests\AspNet.Tests.csproj]
D:\d\DIIWO\Projects\DIIWO.Backend\Libraries\DIIWO-Identity-Solution\tests\AspNet.Tests\Entities\IdentityPermissionTests.cs(216,39): error CS1061: "IdentityPermission" no contiene una definición para "GroupPermissions" ni un método de extensión accesible "GroupPermissions" que acepte un primer argumento del tipo "IdentityPermission" (¿falta alguna directiva using o una referencia de ensamblado?) [D:\d\DIIWO\Projects\DIIWO.Backend\Libraries\DIIWO-Identity-Solution\tests\AspNet.Tests\AspNet.Tests.csproj]
D:\d\DIIWO\Projects\DIIWO.Backend\Libraries\DIIWO-Identity-Solution\tests\AspNet.Tests\Entities\IdentityPermissionTests.cs(219,37): error CS1061: "IdentityPermission" no contiene una definición para "UserPermissions" ni un método de extensión accesible "UserPermissions" que acepte un primer argumento del tipo "IdentityPermission" (¿falta alguna directiva using o una referencia de ensamblado?) [D:\d\DIIWO\Projects\DIIWO.Backend\Libraries\DIIWO-Identity-Solution\tests\AspNet.Tests\AspNet.Tests.csproj]
D:\d\DIIWO\Projects\DIIWO.Backend\Libraries\DIIWO-Identity-Solution\tests\AspNet.Tests\Entities\IdentityPermissionTests.cs(220,39): error CS1061: "IdentityPermission" no contiene una definición para "UserPermissions" ni un método de extensión accesible "UserPermissions" que acepte un primer argumento del tipo "IdentityPermission" (¿falta alguna directiva using o una referencia de ensamblado?) [D:\d\DIIWO\Projects\DIIWO.Backend\Libraries\DIIWO-Identity-Solution\tests\AspNet.Tests\AspNet.Tests.csproj]
D:\d\DIIWO\Projects\DIIWO.Backend\Libraries\DIIWO-Identity-Solution\tests\AspNet.Tests\Entities\IdentityPermissionTests.cs(223,37): error CS1061: "IdentityPermission" no contiene una definición para "ModelPermissions" ni un método de extensión accesible "ModelPermissions" que acepte un primer argumento del tipo "IdentityPermission" (¿falta alguna directiva using o una referencia de ensamblado?) [D:\d\DIIWO\Projects\DIIWO.Backend\Libraries\DIIWO-Identity-Solution\tests\AspNet.Tests\AspNet.Tests.csproj]
D:\d\DIIWO\Projects\DIIWO.Backend\Libraries\DIIWO-Identity-Solution\tests\AspNet.Tests\Entities\IdentityPermissionTests.cs(224,39): error CS1061: "IdentityPermission" no contiene una definición para "ModelPermissions" ni un método de extensión accesible "ModelPermissions" que acepte un primer argumento del tipo "IdentityPermission" (¿falta alguna directiva using o una referencia de ensamblado?) [D:\d\DIIWO\Projects\DIIWO.Backend\Libraries\DIIWO-Identity-Solution\tests\AspNet.Tests\AspNet.Tests.csproj]
D:\d\DIIWO\Projects\DIIWO.Backend\Libraries\DIIWO-Identity-Solution\tests\AspNet.Tests\Entities\IdentityPermissionTests.cs(227,37): error CS1061: "IdentityPermission" no contiene una definición para "ObjectPermissions" ni un método de extensión accesible "ObjectPermissions" que acepte un primer argumento del tipo "IdentityPermission" (¿falta alguna directiva using o una referencia de ensamblado?) [D:\d\DIIWO\Projects\DIIWO.Backend\Libraries\DIIWO-Identity-Solution\tests\AspNet.Tests\AspNet.Tests.csproj]
D:\d\DIIWO\Projects\DIIWO.Backend\Libraries\DIIWO-Identity-Solution\tests\AspNet.Tests\Entities\IdentityPermissionTests.cs(228,39): error CS1061: "IdentityPermission" no contiene una definición para "ObjectPermissions" ni un método de extensión accesible "ObjectPermissions" que acepte un primer argumento del tipo "IdentityPermission" (¿falta alguna directiva using o una referencia de ensamblado?) [D:\d\DIIWO\Projects\DIIWO.Backend\Libraries\DIIWO-Identity-Solution\tests\AspNet.Tests\AspNet.Tests.csproj]
D:\d\DIIWO\Projects\DIIWO.Backend\Libraries\DIIWO-Identity-Solution\tests\AspNet.Tests\Services\IdentityPermissionServiceTests.cs(319,51): error CS1061: "IdentityPermissionService" no contiene una definición para "UserExistsAsync" ni un método de extensión accesible "UserExistsAsync" que acepte un primer argumento del tipo "IdentityPermissionService" (¿falta alguna directiva using o una referencia de ensamblado?) [D:\d\DIIWO\Projects\DIIWO.Backend\Libraries\DIIWO-Identity-Solution\tests\AspNet.Tests\AspNet.Tests.csproj]
D:\d\DIIWO\Projects\DIIWO.Backend\Libraries\DIIWO-Identity-Solution\tests\AspNet.Tests\Services\IdentityPermissionServiceTests.cs(320,57): error CS1061: "IdentityPermissionService" no contiene una definición para "GetPermissionAsync" ni un método de extensión accesible "GetPermissionAsync" que acepte un primer argumento del tipo "IdentityPermissionService" (¿falta alguna directiva using o una referencia de ensamblado?) [D:\d\DIIWO\Projects\DIIWO.Backend\Libraries\DIIWO-Identity-Solution\tests\AspNet.Tests\AspNet.Tests.csproj]
D:\d\DIIWO\Projects\DIIWO.Backend\Libraries\DIIWO-Identity-Solution\tests\AspNet.Tests\Services\AspNetUserServiceTests.cs(225,48): error CS1061: "IdentityResult" no contiene una definición para "FullName" ni un método de extensión accesible "FullName" que acepte un primer argumento del tipo "IdentityResult" (¿falta alguna directiva using o una referencia de ensamblado?) [D:\d\DIIWO\Projects\DIIWO.Backend\Libraries\DIIWO-Identity-Solution\tests\AspNet.Tests\AspNet.Tests.csproj]
D:\d\DIIWO\Projects\DIIWO.Backend\Libraries\DIIWO-Identity-Solution\tests\AspNet.Tests\Services\AspNetUserServiceTests.cs(226,47): error CS1061: "IdentityResult" no contiene una definición para "PhoneNumber" ni un método de extensión accesible "PhoneNumber" que acepte un primer argumento del tipo "IdentityResult" (¿falta alguna directiva using o una referencia de ensamblado?) [D:\d\DIIWO\Projects\DIIWO.Backend\Libraries\DIIWO-Identity-Solution\tests\AspNet.Tests\AspNet.Tests.csproj]
D:\d\DIIWO\Projects\DIIWO.Backend\Libraries\DIIWO-Identity-Solution\tests\AspNet.Tests\Services\AspNetUserServiceTests.cs(227,48): error CS1061: "IdentityResult" no contiene una definición para "UpdatedBy" ni un método de extensión accesible "UpdatedBy" que acepte un primer argumento del tipo "IdentityResult" (¿falta alguna directiva using o una referencia de ensamblado?) [D:\d\DIIWO\Projects\DIIWO.Backend\Libraries\DIIWO-Identity-Solution\tests\AspNet.Tests\AspNet.Tests.csproj]
D:\d\DIIWO\Projects\DIIWO.Backend\Libraries\DIIWO-Identity-Solution\tests\AspNet.Tests\Integration\AspNetIdentityDbContextTests.cs(160,52): error CS1061: "IdentityPermission" no contiene una definición para "GetPermissionKey" ni un método de extensión accesible "GetPermissionKey" que acepte un primer argumento del tipo "IdentityPermission" (¿falta alguna directiva using o una referencia de ensamblado?) [D:\d\DIIWO\Projects\DIIWO.Backend\Libraries\DIIWO-Identity-Solution\tests\AspNet.Tests\AspNet.Tests.csproj]
D:\d\DIIWO\Projects\DIIWO.Backend\Libraries\DIIWO-Identity-Solution\tests\AspNet.Tests\Integration\AspNetIdentityDbContextTests.cs(161,54): error CS1061: "IdentityPermission" no contiene una definición para "GetPermissionKey" ni un método de extensión accesible "GetPermissionKey" que acepte un primer argumento del tipo "IdentityPermission" (¿falta alguna directiva using o una referencia de ensamblado?) [D:\d\DIIWO\Projects\DIIWO.Backend\Libraries\DIIWO-Identity-Solution\tests\AspNet.Tests\AspNet.Tests.csproj]
D:\d\DIIWO\Projects\DIIWO.Backend\Libraries\DIIWO-Identity-Solution\tests\AspNet.Tests\Integration\AspNetIdentityDbContextTests.cs(162,37): error CS1061: "IdentityPermission" no contiene una definición para "GetPermissionKey" ni un método de extensión accesible "GetPermissionKey" que acepte un primer argumento del tipo "IdentityPermission" (¿falta alguna directiva using o una referencia de ensamblado?) [D:\d\DIIWO\Projects\DIIWO.Backend\Libraries\DIIWO-Identity-Solution\tests\AspNet.Tests\AspNet.Tests.csproj]
D:\d\DIIWO\Projects\DIIWO.Backend\Libraries\DIIWO-Identity-Solution\tests\AspNet.Tests\Integration\AspNetIdentityDbContextTests.cs(162,67): error CS1061: "IdentityPermission" no contiene una definición para "GetPermissionKey" ni un método de extensión accesible "GetPermissionKey" que acepte un primer argumento del tipo "IdentityPermission" (¿falta alguna directiva using o una referencia de ensamblado?) [D:\d\DIIWO\Projects\DIIWO.Backend\Libraries\DIIWO-Identity-Solution\tests\AspNet.Tests\AspNet.Tests.csproj]
D:\d\DIIWO\Projects\DIIWO.Backend\Libraries\DIIWO-Identity-Solution\tests\AspNet.Tests\Services\IdentityPermissionServiceTests.cs(374,48): error CS1061: "IdentityPermissionService" no contiene una definición para "HasMultiplePermissionsAsync" ni un método de extensión accesible "HasMultiplePermissionsAsync" que acepte un primer argumento del tipo "IdentityPermissionService" (¿falta alguna directiva using o una referencia de ensamblado?) [D:\d\DIIWO\Projects\DIIWO.Backend\Libraries\DIIWO-Identity-Solution\tests\AspNet.Tests\AspNet.Tests.csproj]
D:\d\DIIWO\Projects\DIIWO.Backend\Libraries\DIIWO-Identity-Solution\tests\AspNet.Tests\Services\AspNetPermissionServiceTests.cs(328,47): error CS1501: Ninguna sobrecarga para el método 'CreatePermissionAsync' toma 5 argumentos [D:\d\DIIWO\Projects\DIIWO.Backend\Libraries\DIIWO-Identity-Solution\tests\AspNet.Tests\AspNet.Tests.csproj]
D:\d\DIIWO\Projects\DIIWO.Backend\Libraries\DIIWO-Identity-Solution\tests\AspNet.Tests\Integration\AspNetIdentityDbContextTests.cs(210,48): error CS1503: Argumento 1: no se puede convertir de 'System.Guid' a 'System.ReadOnlySpan<char>' [D:\d\DIIWO\Projects\DIIWO.Backend\Libraries\DIIWO-Identity-Solution\tests\AspNet.Tests\AspNet.Tests.csproj]
